<?xml version="1.0" encoding="UTF-8"?>
<!-- Generated by org.testng.reporters.JUnitReportReporter -->
<testsuite skipped="0" hostname="DESKTOP-9BUKM7O" name="qaclickacademy.SeleniumTest" tests="1" failures="0" timestamp="2020-04-11T10:38:47 IST" time="0.002" errors="0">
  <testcase name="browserAutomationSelenium" time="0.002" classname="qaclickacademy.SeleniumTest"/>
  <system-out/>
</testsuite> <!-- qaclickacademy.SeleniumTest -->
