<?xml version="1.0" encoding="UTF-8"?>
<!-- Generated by org.testng.reporters.JUnitReportReporter -->
<testsuite skipped="0" hostname="DESKTOP-9BUKM7O" name="qaclickacademy.RestAPITest" tests="2" failures="0" timestamp="2020-06-18T17:30:47 IST" time="0.000" errors="0">
  <testcase name="postJira" time="0.000" classname="qaclickacademy.RestAPITest"/>
  <system-out/>
  <testcase name="deleteTwitter" time="0.000" classname="qaclickacademy.RestAPITest"/>
  <system-out/>
</testsuite> <!-- qaclickacademy.RestAPITest -->
